[11-Apr-2025 18:37:33] NOTICE: fpm is running, pid 51789
[11-Apr-2025 18:37:33] NOTICE: ready to handle connections
[12-Apr-2025 11:45:33] NOTICE: Terminating ...
[12-Apr-2025 11:45:33] NOTICE: Terminating ...
[12-Apr-2025 11:45:33] NOTICE: exiting, bye-bye!
[12-Apr-2025 11:45:35] NOTICE: fpm is running, pid 12824
[12-Apr-2025 11:45:35] NOTICE: ready to handle connections
[12-Apr-2025 11:46:06] NOTICE: Terminating ...
[12-Apr-2025 11:46:06] NOTICE: Terminating ...
[12-Apr-2025 11:46:06] NOTICE: exiting, bye-bye!
[12-Apr-2025 11:46:13] NOTICE: fpm is running, pid 13084
[12-Apr-2025 11:46:13] NOTICE: ready to handle connections
[12-Apr-2025 11:46:37] NOTICE: Terminating ...
[12-Apr-2025 11:46:37] NOTICE: Terminating ...
[12-Apr-2025 11:46:37] NOTICE: exiting, bye-bye!
[12-Apr-2025 11:49:43] NOTICE: fpm is running, pid 14601
[12-Apr-2025 11:49:43] NOTICE: ready to handle connections
[12-Apr-2025 14:14:27] NOTICE: Terminating ...
[12-Apr-2025 14:14:27] NOTICE: Terminating ...
[12-Apr-2025 14:14:27] NOTICE: exiting, bye-bye!
[12-Apr-2025 14:16:15] NOTICE: fpm is running, pid 41642
[12-Apr-2025 14:16:15] NOTICE: ready to handle connections
[16-Apr-2025 22:19:22] NOTICE: fpm is running, pid 90019
[16-Apr-2025 22:19:22] NOTICE: ready to handle connections
[16-Apr-2025 23:43:46] NOTICE: Terminating ...
[16-Apr-2025 23:43:46] NOTICE: Terminating ...
[16-Apr-2025 23:43:46] NOTICE: exiting, bye-bye!
[16-Apr-2025 23:44:14] NOTICE: fpm is running, pid 15535
[16-Apr-2025 23:44:14] NOTICE: ready to handle connections[19-Apr-2025 14:26:16] NOTICE: fpm is running, pid 56463
[19-Apr-2025 14:26:16] NOTICE: ready to handle connections
[19-Apr-2025 19:45:24] NOTICE: Terminating ...
[19-Apr-2025 19:45:24] NOTICE: Terminating ...
[19-Apr-2025 19:45:24] NOTICE: exiting, bye-bye!
[19-Apr-2025 19:45:26] NOTICE: fpm is running, pid 3538
[19-Apr-2025 19:45:26] NOTICE: ready to handle connections
[20-Apr-2025 16:12:43] NOTICE: Terminating ...
[20-Apr-2025 16:12:43] NOTICE: Terminating ...
[20-Apr-2025 16:12:43] NOTICE: exiting, bye-bye!
[20-Apr-2025 16:12:45] NOTICE: fpm is running, pid 94701
[20-Apr-2025 16:12:45] NOTICE: ready to handle connections
[22-Apr-2025 10:49:26] NOTICE: fpm is running, pid 23440
[22-Apr-2025 10:49:26] NOTICE: ready to handle connections
[23-Apr-2025 16:13:12] NOTICE: fpm is running, pid 8871
[23-Apr-2025 16:13:12] NOTICE: ready to handle connections
[26-Apr-2025 13:34:31] NOTICE: fpm is running, pid 44444
[26-Apr-2025 13:34:31] NOTICE: ready to handle connections
[28-Apr-2025 15:55:31] NOTICE: Terminating ...
[28-Apr-2025 15:55:31] NOTICE: Terminating ...
[28-Apr-2025 15:55:31] NOTICE: exiting, bye-bye!
[30-Apr-2025 19:23:17] NOTICE: fpm is running, pid 73338
[30-Apr-2025 19:23:17] NOTICE: ready to handle connections
[03-May-2025 18:20:59] NOTICE: Terminating ...
[03-May-2025 18:20:59] NOTICE: Terminating ...
[03-May-2025 18:20:59] NOTICE: exiting, bye-bye!
[03-May-2025 18:21:00] NOTICE: fpm is running, pid 55090
[03-May-2025 18:21:00] NOTICE: ready to handle connections
[04-May-2025 15:04:49] NOTICE: Terminating ...
[04-May-2025 15:04:49] NOTICE: Terminating ...
[04-May-2025 15:04:49] NOTICE: exiting, bye-bye!
[04-May-2025 15:04:52] NOTICE: fpm is running, pid 22940
[04-May-2025 15:04:52] NOTICE: ready to handle connections
[07-May-2025 11:12:51] NOTICE: fpm is running, pid 842
[07-May-2025 11:12:51] NOTICE: ready to handle connections
[07-May-2025 17:56:29] NOTICE: fpm is running, pid 1494
[07-May-2025 17:56:29] NOTICE: ready to handle connections
[07-May-2025 22:16:05] NOTICE: Terminating ...
[07-May-2025 22:16:05] NOTICE: Terminating ...
[07-May-2025 22:16:05] NOTICE: exiting, bye-bye!
[07-May-2025 22:16:06] NOTICE: fpm is running, pid 22371
[07-May-2025 22:16:06] NOTICE: ready to handle connections
[07-May-2025 23:20:15] NOTICE: Terminating ...
[07-May-2025 23:20:15] NOTICE: Terminating ...
[07-May-2025 23:20:15] NOTICE: exiting, bye-bye!
[08-May-2025 00:13:34] NOTICE: fpm is running, pid 7368
[08-May-2025 00:13:34] NOTICE: ready to handle connections
[08-May-2025 10:09:36] NOTICE: Terminating ...
[08-May-2025 10:09:36] NOTICE: Terminating ...
[08-May-2025 10:09:36] NOTICE: exiting, bye-bye!
[08-May-2025 10:09:38] NOTICE: fpm is running, pid 19008
[08-May-2025 10:09:38] NOTICE: ready to handle connections
